Performing C++ SOURCE FILE Test CMAKE_HAVE_LIBC_PTHREAD failed with the following output:
Change Dir: /Users/milana_shakhbieva/AndroidStudioProjects/libs/spdlog/build/x86/CMakeFiles/CMakeTmp

Run Build Command(s):/usr/bin/make -f Makefile cmTC_8bc05/fast && /Library/Developer/CommandLineTools/usr/bin/make  -f CMakeFiles/cmTC_8bc05.dir/build.make CMakeFiles/cmTC_8bc05.dir/build
Building CXX object CMakeFiles/cmTC_8bc05.dir/src.cxx.o
/Users/milana_shakhbieva/Library/Android/sdk/ndk/25.2.9519653/toolchains/llvm/prebuilt/darwin-x86_64/bin/clang++ --target=i686-none-linux-android19 --sysroot=/Users/milana_shakhbieva/Library/Android/sdk/ndk/25.2.9519653/toolchains/llvm/prebuilt/darwin-x86_64/sysroot -DCMAKE_HAVE_LIBC_PTHREAD  -g -DANDROID -fdata-sections -ffunction-sections -funwind-tables -fstack-protector-strong -no-canonical-prefixes -mstackrealign -D_FORTIFY_SOURCE=2 -Wformat -Werror=format-security  -DSPDLOG_COMPILED_LIB  -fPIE -std=c++11 -MD -MT CMakeFiles/cmTC_8bc05.dir/src.cxx.o -MF CMakeFiles/cmTC_8bc05.dir/src.cxx.o.d -o CMakeFiles/cmTC_8bc05.dir/src.cxx.o -c /Users/milana_shakhbieva/AndroidStudioProjects/libs/spdlog/build/x86/CMakeFiles/CMakeTmp/src.cxx
/Users/milana_shakhbieva/AndroidStudioProjects/libs/spdlog/build/x86/CMakeFiles/CMakeTmp/src.cxx:13:3: error: use of undeclared identifier 'pthread_cancel'
  pthread_cancel(thread);
  ^
1 error generated.
make[1]: *** [CMakeFiles/cmTC_8bc05.dir/src.cxx.o] Error 1
make: *** [cmTC_8bc05/fast] Error 2


Source file was:
#include <pthread.h>

static void* test_func(void* data)
{
  return data;
}

int main(void)
{
  pthread_t thread;
  pthread_create(&thread, NULL, test_func, NULL);
  pthread_detach(thread);
  pthread_cancel(thread);
  pthread_join(thread, NULL);
  pthread_atfork(NULL, NULL, NULL);
  pthread_exit(NULL);

  return 0;
}

Determining if the function pthread_create exists in the pthreads failed with the following output:
Change Dir: /Users/milana_shakhbieva/AndroidStudioProjects/libs/spdlog/build/x86/CMakeFiles/CMakeTmp

Run Build Command(s):/usr/bin/make -f Makefile cmTC_857b6/fast && /Library/Developer/CommandLineTools/usr/bin/make  -f CMakeFiles/cmTC_857b6.dir/build.make CMakeFiles/cmTC_857b6.dir/build
Building CXX object CMakeFiles/cmTC_857b6.dir/CheckFunctionExists.cxx.o
/Users/milana_shakhbieva/Library/Android/sdk/ndk/25.2.9519653/toolchains/llvm/prebuilt/darwin-x86_64/bin/clang++ --target=i686-none-linux-android19 --sysroot=/Users/milana_shakhbieva/Library/Android/sdk/ndk/25.2.9519653/toolchains/llvm/prebuilt/darwin-x86_64/sysroot   -g -DANDROID -fdata-sections -ffunction-sections -funwind-tables -fstack-protector-strong -no-canonical-prefixes -mstackrealign -D_FORTIFY_SOURCE=2 -Wformat -Werror=format-security  -DSPDLOG_COMPILED_LIB -DCHECK_FUNCTION_EXISTS=pthread_create -fPIE -std=c++11 -MD -MT CMakeFiles/cmTC_857b6.dir/CheckFunctionExists.cxx.o -MF CMakeFiles/cmTC_857b6.dir/CheckFunctionExists.cxx.o.d -o CMakeFiles/cmTC_857b6.dir/CheckFunctionExists.cxx.o -c /Users/milana_shakhbieva/AndroidStudioProjects/libs/spdlog/build/x86/CMakeFiles/CheckLibraryExists/CheckFunctionExists.cxx
Linking CXX executable cmTC_857b6
/Users/milana_shakhbieva/Library/Android/sdk/cmake/3.22.1/bin/cmake -E cmake_link_script CMakeFiles/cmTC_857b6.dir/link.txt --verbose=1
/Users/milana_shakhbieva/Library/Android/sdk/ndk/25.2.9519653/toolchains/llvm/prebuilt/darwin-x86_64/bin/clang++ --target=i686-none-linux-android19 --sysroot=/Users/milana_shakhbieva/Library/Android/sdk/ndk/25.2.9519653/toolchains/llvm/prebuilt/darwin-x86_64/sysroot -g -DANDROID -fdata-sections -ffunction-sections -funwind-tables -fstack-protector-strong -no-canonical-prefixes -mstackrealign -D_FORTIFY_SOURCE=2 -Wformat -Werror=format-security  -DSPDLOG_COMPILED_LIB -DCHECK_FUNCTION_EXISTS=pthread_create -static-libstdc++ -Wl,--build-id=sha1 -Wl,--no-rosegment -Wl,--fatal-warnings -Wl,--no-undefined -Qunused-arguments    CMakeFiles/cmTC_857b6.dir/CheckFunctionExists.cxx.o -o cmTC_857b6  -lpthreads -latomic -lm 
ld: error: unable to find library -lpthreads
clang++: error: linker command failed with exit code 1 (use -v to see invocation)
make[1]: *** [cmTC_857b6] Error 1
make: *** [cmTC_857b6/fast] Error 2



Determining if the function pthread_create exists in the pthread failed with the following output:
Change Dir: /Users/milana_shakhbieva/AndroidStudioProjects/libs/spdlog/build/x86/CMakeFiles/CMakeTmp

Run Build Command(s):/usr/bin/make -f Makefile cmTC_67d5d/fast && /Library/Developer/CommandLineTools/usr/bin/make  -f CMakeFiles/cmTC_67d5d.dir/build.make CMakeFiles/cmTC_67d5d.dir/build
Building CXX object CMakeFiles/cmTC_67d5d.dir/CheckFunctionExists.cxx.o
/Users/milana_shakhbieva/Library/Android/sdk/ndk/25.2.9519653/toolchains/llvm/prebuilt/darwin-x86_64/bin/clang++ --target=i686-none-linux-android19 --sysroot=/Users/milana_shakhbieva/Library/Android/sdk/ndk/25.2.9519653/toolchains/llvm/prebuilt/darwin-x86_64/sysroot   -g -DANDROID -fdata-sections -ffunction-sections -funwind-tables -fstack-protector-strong -no-canonical-prefixes -mstackrealign -D_FORTIFY_SOURCE=2 -Wformat -Werror=format-security  -DSPDLOG_COMPILED_LIB -DCHECK_FUNCTION_EXISTS=pthread_create -fPIE -std=c++11 -MD -MT CMakeFiles/cmTC_67d5d.dir/CheckFunctionExists.cxx.o -MF CMakeFiles/cmTC_67d5d.dir/CheckFunctionExists.cxx.o.d -o CMakeFiles/cmTC_67d5d.dir/CheckFunctionExists.cxx.o -c /Users/milana_shakhbieva/AndroidStudioProjects/libs/spdlog/build/x86/CMakeFiles/CheckLibraryExists/CheckFunctionExists.cxx
Linking CXX executable cmTC_67d5d
/Users/milana_shakhbieva/Library/Android/sdk/cmake/3.22.1/bin/cmake -E cmake_link_script CMakeFiles/cmTC_67d5d.dir/link.txt --verbose=1
/Users/milana_shakhbieva/Library/Android/sdk/ndk/25.2.9519653/toolchains/llvm/prebuilt/darwin-x86_64/bin/clang++ --target=i686-none-linux-android19 --sysroot=/Users/milana_shakhbieva/Library/Android/sdk/ndk/25.2.9519653/toolchains/llvm/prebuilt/darwin-x86_64/sysroot -g -DANDROID -fdata-sections -ffunction-sections -funwind-tables -fstack-protector-strong -no-canonical-prefixes -mstackrealign -D_FORTIFY_SOURCE=2 -Wformat -Werror=format-security  -DSPDLOG_COMPILED_LIB -DCHECK_FUNCTION_EXISTS=pthread_create -static-libstdc++ -Wl,--build-id=sha1 -Wl,--no-rosegment -Wl,--fatal-warnings -Wl,--no-undefined -Qunused-arguments    CMakeFiles/cmTC_67d5d.dir/CheckFunctionExists.cxx.o -o cmTC_67d5d  -lpthread -latomic -lm 
ld: error: unable to find library -lpthread
clang++: error: linker command failed with exit code 1 (use -v to see invocation)
make[1]: *** [cmTC_67d5d] Error 1
make: *** [cmTC_67d5d/fast] Error 2



